<?xml version="1.0" encoding="UTF-8"?>
<!-- Generated by org.testng.reporters.JUnitReportReporter -->
<testsuite hostname="TABLET-IUSGV780" failures="0" tests="1" name="com.banking.testCases.TC_LoginTest_001" time="1.005" errors="0" timestamp="17 Jan 2024 02:53:51 GMT" skipped="0">
  <testcase classname="com.banking.testCases.TC_LoginTest_001" name="loginTest" time="1.005"/>
</testsuite> <!-- com.banking.testCases.TC_LoginTest_001 -->
